<?xml version="1.0" encoding="UTF-8"?>
<!-- Generated by org.testng.reporters.JUnitXMLReporter -->
<testsuite hostname="MukeshKiwi" ignored="1" name="Failed Scenario." tests="1" failures="1" timestamp="05 May 2020 04:55:34 GMT" time="36.8" errors="0">
  <testcase name="failed" time="3.009" classname="com.flipkart.Scenario1.IndexSc1">
    <failure type="java.lang.AssertionError" message="expected [true] but found [false]">
      <![CDATA[java.lang.AssertionError: expected [true] but found [false]at com.flipkart.Scenario1.IndexSc1.failed(IndexSc1.java:177)... Removed 33 stack frames]]>
    </failure>
  </testcase> <!-- failed -->
  <testcase name="searchMobileFilter" time="0.0" classname="com.flipkart.Scenario1.IndexSc1">
    <ignored/>
  </testcase> <!-- searchMobileFilter -->
</testsuite> <!-- Failed Scenario. -->
