<?xml version="1.0" encoding="UTF-8"?>
<!-- Generated by org.testng.reporters.JUnitXMLReporter -->
<testsuite hostname="MukeshKiwi" ignored="1" name="To verify Flipkart scenario add to cart." tests="1" failures="0" timestamp="11 May 2020 16:40:44 GMT" time="79.211" errors="0">
  <testcase name="searchMobileFilter" time="66.074" classname="com.flipkart.Scenario1.IndexSc1"/>
  <testcase name="failed" time="0.0" classname="com.flipkart.Scenario1.IndexSc1">
    <ignored/>
  </testcase> <!-- failed -->
</testsuite> <!-- To verify Flipkart scenario add to cart. -->
