<?xml version="1.0" encoding="UTF-8"?>
<testng-results skipped="0" failed="0" ignored="1" total="2" passed="1">
  <reporter-output>
    <line>
      <![CDATA[Test Case : To verify User can Add Electronics device to Cart.</br>]]>
    </line>
    <line>
      <![CDATA[Step-1 : Open Flipkart URL : https://www.flipkart.com/</br>]]>
    </line>
    <line>
      <![CDATA[Verify Flipkart site has been opened successfully</br>]]>
    </line>
    <line>
      <![CDATA[ Flipkart Homepage opened sucessfully.<font color=238E23>--<img src="passed.png"/></font></br>]]>
    </line>
    <line>
      <![CDATA[Step-2 : Close the Login Pop up.</br>]]>
    </line>
    <line>
      <![CDATA[Step-3 : Select Electronics menu > Mobile > Realme device.</br>]]>
    </line>
    <line>
      <![CDATA[Realme selected from Electronics menu > Mobile category</br>]]>
    </line>
    <line>
      <![CDATA[Verify Search result page shows correct Filtered result after selecting device Realme</br>]]>
    </line>
    <line>
      <![CDATA[ Search result page shows correct Filtered result after selecting device Realme<font color=238E23>--<img src="passed.png"/></font></br>]]>
    </line>
    <line>
      <![CDATA[Step-4 : Apply minimum and maximum Price range.</br>]]>
    </line>
    <line>
      <![CDATA[Minimum value set to: 10000 and Maximum value set to 30000</br>]]>
    </line>
    <line>
      <![CDATA[Verify Search result page shows correct Filtered result after selecting Price range 10000 to 30000</br>]]>
    </line>
    <line>
      <![CDATA[ Search result page shows correct Filtered result after selecting Price range 10000 to 30000<font color=238E23>--<img src="passed.png"/></font></br>]]>
    </line>
    <line>
      <![CDATA[Step-5 : Apply RAM filter.</br>]]>
    </line>
    <line>
      <![CDATA[Applied RAM filter for 4 GB and 6 GB & Above</br>]]>
    </line>
    <line>
      <![CDATA[Verify Search result page shows correct Filtered result after selecting RAM 4 GB and 6 GB & Above</br>]]>
    </line>
    <line>
      <![CDATA[ Search result page shows correct Filtered result after selecting RAM 4 GB and 6 GB & Above<font color=238E23>--<img src="passed.png"/></font></br>]]>
    </line>
    <line>
      <![CDATA[Step-6 : Apply CUSTOMER RATINGS filter.</br>]]>
    </line>
    <line>
      <![CDATA[Customer rating set for 4 and above stars.</br>]]>
    </line>
    <line>
      <![CDATA[Verify Search result page shows correct Filtered result after Customer Ratings applied 4 and above stars.</br>]]>
    </line>
    <line>
      <![CDATA[ Search result page shows correct Filtered result after Customer Ratings applied 4 and above stars.<font color=238E23>--<img src="passed.png"/></font></br>]]>
    </line>
    <line>
      <![CDATA[Step-7 : Sort the search result by Price -- High to Low.</br>]]>
    </line>
    <line>
      <![CDATA[Clicked on the Price High to Low sorting tab.</br>]]>
    </line>
    <line>
      <![CDATA[Verify Search result page shows correct Filtered result after Price High to Low sorted</br>]]>
    </line>
    <line>
      <![CDATA[ Search result page shows correct Filtered result after Price High to Low sorted<font color=238E23>--<img src="passed.png"/></font></br>]]>
    </line>
    <line>
      <![CDATA[Step-8 : Click the Title of Largest Price device.</br>]]>
    </line>
    <line>
      <![CDATA[Clicked on the largest price Mobile details.</br>]]>
    </line>
    <line>
      <![CDATA[Verify Successfully clicked on the highest price device.</br>]]>
    </line>
    <line>
      <![CDATA[ Successfully clicked on the highest price device.<font color=238E23>--<img src="passed.png"/></font></br>]]>
    </line>
    <line>
      <![CDATA[Step-9 : Click the 'Add to Cart' button.</br>]]>
    </line>
    <line>
      <![CDATA[Clicked on the Add to Cart button.</br>]]>
    </line>
    <line>
      <![CDATA[Verify Device successfully added to cart.</br>]]>
    </line>
    <line>
      <![CDATA[ Device successfully added to cart.<font color=238E23>--<img src="passed.png"/></font></br>]]>
    </line>
  </reporter-output>
  <suite name="FlipkartTestSuite" duration-ms="92317" started-at="2020-05-05T11:56:22Z" finished-at="2020-05-05T11:57:54Z">
    <groups>
    </groups>
    <test name="To verify Flipkart scenario add to cart." duration-ms="92317" started-at="2020-05-05T11:56:22Z" finished-at="2020-05-05T11:57:54Z">
      <class name="com.flipkart.Scenario1.IndexSc1">
        <test-method status="PASS" signature="fetchSuiteConfiguration(org.testng.ITestContext)[pri:0, instance:com.flipkart.Scenario1.IndexSc1@7a1ebcd8]" name="fetchSuiteConfiguration" is-config="true" duration-ms="34" started-at="2020-05-05T17:26:22Z" finished-at="2020-05-05T17:26:22Z">
          <params>
            <param index="0">
              <value>
                <![CDATA[org.testng.TestRunner@20d7d6fb]]>
              </value>
            </param>
          </params>
          <reporter-output>
          </reporter-output>
        </test-method> <!-- fetchSuiteConfiguration -->
        <test-method status="PASS" signature="setUp(java.lang.reflect.Method, org.testng.ITestContext, org.testng.ITestResult)[pri:0, instance:com.flipkart.Scenario1.IndexSc1@7a1ebcd8]" name="setUp" is-config="true" duration-ms="23105" started-at="2020-05-05T17:26:22Z" finished-at="2020-05-05T17:26:45Z">
          <params>
            <param index="0">
              <value>
                <![CDATA[void com.flipkart.Scenario1.IndexSc1.searchMobileFilter()]]>
              </value>
            </param>
            <param index="1">
              <value>
                <![CDATA[org.testng.TestRunner@20d7d6fb]]>
              </value>
            </param>
            <param index="2">
              <value>
                <![CDATA[[TestResult name=searchMobileFilter status=SUCCESS method=IndexSc1.searchMobileFilter()[pri:0, instance:com.flipkart.Scenario1.IndexSc1@7a1ebcd8] output=Test Case : To verify User can Add Electronics device to Cart.</br>]]]>
              </value>
            </param>
          </params>
          <reporter-output>
          </reporter-output>
        </test-method> <!-- setUp -->
        <test-method status="PASS" signature="searchMobileFilter()[pri:0, instance:com.flipkart.Scenario1.IndexSc1@7a1ebcd8]" name="searchMobileFilter" duration-ms="66796" started-at="2020-05-05T17:26:45Z" finished-at="2020-05-05T17:27:52Z">
          <reporter-output>
            <line>
              <![CDATA[Test Case : To verify User can Add Electronics device to Cart.</br>]]>
            </line>
            <line>
              <![CDATA[Step-1 : Open Flipkart URL : https://www.flipkart.com/</br>]]>
            </line>
            <line>
              <![CDATA[Verify Flipkart site has been opened successfully</br>]]>
            </line>
            <line>
              <![CDATA[ Flipkart Homepage opened sucessfully.<font color=238E23>--<img src="passed.png"/></font></br>]]>
            </line>
            <line>
              <![CDATA[Step-2 : Close the Login Pop up.</br>]]>
            </line>
            <line>
              <![CDATA[Step-3 : Select Electronics menu > Mobile > Realme device.</br>]]>
            </line>
            <line>
              <![CDATA[Realme selected from Electronics menu > Mobile category</br>]]>
            </line>
            <line>
              <![CDATA[Verify Search result page shows correct Filtered result after selecting device Realme</br>]]>
            </line>
            <line>
              <![CDATA[ Search result page shows correct Filtered result after selecting device Realme<font color=238E23>--<img src="passed.png"/></font></br>]]>
            </line>
            <line>
              <![CDATA[Step-4 : Apply minimum and maximum Price range.</br>]]>
            </line>
            <line>
              <![CDATA[Minimum value set to: 10000 and Maximum value set to 30000</br>]]>
            </line>
            <line>
              <![CDATA[Verify Search result page shows correct Filtered result after selecting Price range 10000 to 30000</br>]]>
            </line>
            <line>
              <![CDATA[ Search result page shows correct Filtered result after selecting Price range 10000 to 30000<font color=238E23>--<img src="passed.png"/></font></br>]]>
            </line>
            <line>
              <![CDATA[Step-5 : Apply RAM filter.</br>]]>
            </line>
            <line>
              <![CDATA[Applied RAM filter for 4 GB and 6 GB & Above</br>]]>
            </line>
            <line>
              <![CDATA[Verify Search result page shows correct Filtered result after selecting RAM 4 GB and 6 GB & Above</br>]]>
            </line>
            <line>
              <![CDATA[ Search result page shows correct Filtered result after selecting RAM 4 GB and 6 GB & Above<font color=238E23>--<img src="passed.png"/></font></br>]]>
            </line>
            <line>
              <![CDATA[Step-6 : Apply CUSTOMER RATINGS filter.</br>]]>
            </line>
            <line>
              <![CDATA[Customer rating set for 4 and above stars.</br>]]>
            </line>
            <line>
              <![CDATA[Verify Search result page shows correct Filtered result after Customer Ratings applied 4 and above stars.</br>]]>
            </line>
            <line>
              <![CDATA[ Search result page shows correct Filtered result after Customer Ratings applied 4 and above stars.<font color=238E23>--<img src="passed.png"/></font></br>]]>
            </line>
            <line>
              <![CDATA[Step-7 : Sort the search result by Price -- High to Low.</br>]]>
            </line>
            <line>
              <![CDATA[Clicked on the Price High to Low sorting tab.</br>]]>
            </line>
            <line>
              <![CDATA[Verify Search result page shows correct Filtered result after Price High to Low sorted</br>]]>
            </line>
            <line>
              <![CDATA[ Search result page shows correct Filtered result after Price High to Low sorted<font color=238E23>--<img src="passed.png"/></font></br>]]>
            </line>
            <line>
              <![CDATA[Step-8 : Click the Title of Largest Price device.</br>]]>
            </line>
            <line>
              <![CDATA[Clicked on the largest price Mobile details.</br>]]>
            </line>
            <line>
              <![CDATA[Verify Successfully clicked on the highest price device.</br>]]>
            </line>
            <line>
              <![CDATA[ Successfully clicked on the highest price device.<font color=238E23>--<img src="passed.png"/></font></br>]]>
            </line>
            <line>
              <![CDATA[Step-9 : Click the 'Add to Cart' button.</br>]]>
            </line>
            <line>
              <![CDATA[Clicked on the Add to Cart button.</br>]]>
            </line>
            <line>
              <![CDATA[Verify Device successfully added to cart.</br>]]>
            </line>
            <line>
              <![CDATA[ Device successfully added to cart.<font color=238E23>--<img src="passed.png"/></font></br>]]>
            </line>
          </reporter-output>
        </test-method> <!-- searchMobileFilter -->
        <test-method status="PASS" signature="tearDown(org.testng.ITestResult, org.testng.ITestContext)[pri:0, instance:com.flipkart.Scenario1.IndexSc1@7a1ebcd8]" name="tearDown" is-config="true" duration-ms="2359" started-at="2020-05-05T17:27:52Z" finished-at="2020-05-05T17:27:54Z">
          <params>
            <param index="0">
              <value>
                <![CDATA[[TestResult name=searchMobileFilter status=SUCCESS method=IndexSc1.searchMobileFilter()[pri:0, instance:com.flipkart.Scenario1.IndexSc1@7a1ebcd8] output=Test Case : To verify User can Add Electronics device to Cart.</br>]]]>
              </value>
            </param>
            <param index="1">
              <value>
                <![CDATA[org.testng.TestRunner@20d7d6fb]]>
              </value>
            </param>
          </params>
          <reporter-output>
          </reporter-output>
        </test-method> <!-- tearDown -->
      </class> <!-- com.flipkart.Scenario1.IndexSc1 -->
    </test> <!-- To verify Flipkart scenario add to cart. -->
  </suite> <!-- FlipkartTestSuite -->
</testng-results>
