<?xml version="1.0" encoding="UTF-8"?>
<testng-results skipped="0" failed="1" ignored="2" total="4" passed="1">
  <reporter-output>
    <line>
      <![CDATA[Test Case : To verify User can Add Electronics device to Cart.</br>]]>
    </line>
    <line>
      <![CDATA[Step-1 : Open Flipkart URL : https://www.flipkart.com/</br>]]>
    </line>
    <line>
      <![CDATA[Verify Flipkart site has been opened successfully</br>]]>
    </line>
    <line>
      <![CDATA[ Flipkart Homepage opened sucessfully.<font color=238E23>--<img src="passed.png"/></font></br>]]>
    </line>
    <line>
      <![CDATA[Step-2 : Close the Login Pop up.</br>]]>
    </line>
    <line>
      <![CDATA[Step-3 : Select Electronics menu > Mobile > Realme device.</br>]]>
    </line>
    <line>
      <![CDATA[Realme selected from Electronics menu > Mobile category</br>]]>
    </line>
    <line>
      <![CDATA[Verify Search result page shows correct Filtered result after selecting device Realme</br>]]>
    </line>
    <line>
      <![CDATA[ Search result page shows correct Filtered result after selecting device Realme<font color=238E23>--<img src="passed.png"/></font></br>]]>
    </line>
    <line>
      <![CDATA[Step-4 : Apply minimum and maximum Price range.</br>]]>
    </line>
    <line>
      <![CDATA[Minimum value set to: 10000 and Maximum value set to 30000</br>]]>
    </line>
    <line>
      <![CDATA[Verify Search result page shows correct Filtered result after selecting Price range 10000 to 30000</br>]]>
    </line>
    <line>
      <![CDATA[ Search result page shows correct Filtered result after selecting Price range 10000 to 30000<font color=238E23>--<img src="passed.png"/></font></br>]]>
    </line>
    <line>
      <![CDATA[Step-5 : Apply RAM filter.</br>]]>
    </line>
    <line>
      <![CDATA[Applied RAM filter for 4 GB and 6 GB & Above</br>]]>
    </line>
    <line>
      <![CDATA[Verify Search result page shows correct Filtered result after selecting RAM 4 GB and 6 GB & Above</br>]]>
    </line>
    <line>
      <![CDATA[ Search result page shows correct Filtered result after selecting RAM 4 GB and 6 GB & Above<font color=238E23>--<img src="passed.png"/></font></br>]]>
    </line>
    <line>
      <![CDATA[Step-6 : Apply CUSTOMER RATINGS filter.</br>]]>
    </line>
    <line>
      <![CDATA[Customer rating set for 4 and above stars.</br>]]>
    </line>
    <line>
      <![CDATA[Verify Search result page shows correct Filtered result after Customer Ratings applied 4 and above stars.</br>]]>
    </line>
    <line>
      <![CDATA[ Search result page shows correct Filtered result after Customer Ratings applied 4 and above stars.<font color=238E23>--<img src="passed.png"/></font></br>]]>
    </line>
    <line>
      <![CDATA[Step-7 : Sort the search result by Price -- High to Low.</br>]]>
    </line>
    <line>
      <![CDATA[Clicked on the Price High to Low sorting tab.</br>]]>
    </line>
    <line>
      <![CDATA[Verify Search result page shows correct Filtered result after Price High to Low sorted</br>]]>
    </line>
    <line>
      <![CDATA[ Search result page shows correct Filtered result after Price High to Low sorted<font color=238E23>--<img src="passed.png"/></font></br>]]>
    </line>
    <line>
      <![CDATA[Step-8 : Click the Title of Largest Price device.</br>]]>
    </line>
    <line>
      <![CDATA[Clicked on the largest price Mobile details.</br>]]>
    </line>
    <line>
      <![CDATA[Verify Successfully clicked on the highest price device.</br>]]>
    </line>
    <line>
      <![CDATA[ Successfully clicked on the highest price device.<font color=238E23>--<img src="passed.png"/></font></br>]]>
    </line>
    <line>
      <![CDATA[Step-9 : Click the 'Add to Cart' button.</br>]]>
    </line>
    <line>
      <![CDATA[Clicked on the Add to Cart button.</br>]]>
    </line>
    <line>
      <![CDATA[Verify Device successfully added to cart.</br>]]>
    </line>
    <line>
      <![CDATA[ Device successfully added to cart.<font color=238E23>--<img src="passed.png"/></font></br>]]>
    </line>
    <line>
      <![CDATA[Test Case : To verify User can Add Electronics device to Cart.</br>]]>
    </line>
    <line>
      <![CDATA[Step-1 : Open Flipkart URL : https://www.flipkart.com/</br>]]>
    </line>
    <line>
      <![CDATA[Verify Flipkart site has been opened successfully</br>]]>
    </line>
    <line>
      <![CDATA[ Flipkart Homepage NOT opened sucessfully<font color=#FF0000>--<img src="failed.png"/></font></br>]]>
    </line>
  </reporter-output>
  <suite name="FlipkartTestSuite" duration-ms="129957" started-at="2020-05-05T04:53:24Z" finished-at="2020-05-05T04:55:34Z">
    <groups>
    </groups>
    <test name="To verify Flipkart scenario add to cart." duration-ms="93140" started-at="2020-05-05T04:53:24Z" finished-at="2020-05-05T04:54:57Z">
      <class name="com.flipkart.Scenario1.IndexSc1">
        <test-method status="PASS" signature="fetchSuiteConfiguration(org.testng.ITestContext)[pri:0, instance:com.flipkart.Scenario1.IndexSc1@7a1ebcd8]" name="fetchSuiteConfiguration" is-config="true" duration-ms="44" started-at="2020-05-05T10:23:24Z" finished-at="2020-05-05T10:23:24Z">
          <params>
            <param index="0">
              <value>
                <![CDATA[org.testng.TestRunner@7a1a3478]]>
              </value>
            </param>
          </params>
          <reporter-output>
          </reporter-output>
        </test-method> <!-- fetchSuiteConfiguration -->
        <test-method status="PASS" signature="setUp(java.lang.reflect.Method, org.testng.ITestContext, org.testng.ITestResult)[pri:0, instance:com.flipkart.Scenario1.IndexSc1@7a1ebcd8]" name="setUp" is-config="true" duration-ms="17618" started-at="2020-05-05T10:23:24Z" finished-at="2020-05-05T10:23:41Z">
          <params>
            <param index="0">
              <value>
                <![CDATA[void com.flipkart.Scenario1.IndexSc1.searchMobileFilter()]]>
              </value>
            </param>
            <param index="1">
              <value>
                <![CDATA[org.testng.TestRunner@7a1a3478]]>
              </value>
            </param>
            <param index="2">
              <value>
                <![CDATA[[TestResult name=searchMobileFilter status=SUCCESS method=IndexSc1.searchMobileFilter()[pri:0, instance:com.flipkart.Scenario1.IndexSc1@7a1ebcd8] output=Test Case : To verify User can Add Electronics device to Cart.</br>]]]>
              </value>
            </param>
          </params>
          <reporter-output>
          </reporter-output>
        </test-method> <!-- setUp -->
        <test-method status="PASS" signature="searchMobileFilter()[pri:0, instance:com.flipkart.Scenario1.IndexSc1@7a1ebcd8]" name="searchMobileFilter" duration-ms="72715" started-at="2020-05-05T10:23:41Z" finished-at="2020-05-05T10:24:54Z">
          <reporter-output>
            <line>
              <![CDATA[Test Case : To verify User can Add Electronics device to Cart.</br>]]>
            </line>
            <line>
              <![CDATA[Step-1 : Open Flipkart URL : https://www.flipkart.com/</br>]]>
            </line>
            <line>
              <![CDATA[Verify Flipkart site has been opened successfully</br>]]>
            </line>
            <line>
              <![CDATA[ Flipkart Homepage opened sucessfully.<font color=238E23>--<img src="passed.png"/></font></br>]]>
            </line>
            <line>
              <![CDATA[Step-2 : Close the Login Pop up.</br>]]>
            </line>
            <line>
              <![CDATA[Step-3 : Select Electronics menu > Mobile > Realme device.</br>]]>
            </line>
            <line>
              <![CDATA[Realme selected from Electronics menu > Mobile category</br>]]>
            </line>
            <line>
              <![CDATA[Verify Search result page shows correct Filtered result after selecting device Realme</br>]]>
            </line>
            <line>
              <![CDATA[ Search result page shows correct Filtered result after selecting device Realme<font color=238E23>--<img src="passed.png"/></font></br>]]>
            </line>
            <line>
              <![CDATA[Step-4 : Apply minimum and maximum Price range.</br>]]>
            </line>
            <line>
              <![CDATA[Minimum value set to: 10000 and Maximum value set to 30000</br>]]>
            </line>
            <line>
              <![CDATA[Verify Search result page shows correct Filtered result after selecting Price range 10000 to 30000</br>]]>
            </line>
            <line>
              <![CDATA[ Search result page shows correct Filtered result after selecting Price range 10000 to 30000<font color=238E23>--<img src="passed.png"/></font></br>]]>
            </line>
            <line>
              <![CDATA[Step-5 : Apply RAM filter.</br>]]>
            </line>
            <line>
              <![CDATA[Applied RAM filter for 4 GB and 6 GB & Above</br>]]>
            </line>
            <line>
              <![CDATA[Verify Search result page shows correct Filtered result after selecting RAM 4 GB and 6 GB & Above</br>]]>
            </line>
            <line>
              <![CDATA[ Search result page shows correct Filtered result after selecting RAM 4 GB and 6 GB & Above<font color=238E23>--<img src="passed.png"/></font></br>]]>
            </line>
            <line>
              <![CDATA[Step-6 : Apply CUSTOMER RATINGS filter.</br>]]>
            </line>
            <line>
              <![CDATA[Customer rating set for 4 and above stars.</br>]]>
            </line>
            <line>
              <![CDATA[Verify Search result page shows correct Filtered result after Customer Ratings applied 4 and above stars.</br>]]>
            </line>
            <line>
              <![CDATA[ Search result page shows correct Filtered result after Customer Ratings applied 4 and above stars.<font color=238E23>--<img src="passed.png"/></font></br>]]>
            </line>
            <line>
              <![CDATA[Step-7 : Sort the search result by Price -- High to Low.</br>]]>
            </line>
            <line>
              <![CDATA[Clicked on the Price High to Low sorting tab.</br>]]>
            </line>
            <line>
              <![CDATA[Verify Search result page shows correct Filtered result after Price High to Low sorted</br>]]>
            </line>
            <line>
              <![CDATA[ Search result page shows correct Filtered result after Price High to Low sorted<font color=238E23>--<img src="passed.png"/></font></br>]]>
            </line>
            <line>
              <![CDATA[Step-8 : Click the Title of Largest Price device.</br>]]>
            </line>
            <line>
              <![CDATA[Clicked on the largest price Mobile details.</br>]]>
            </line>
            <line>
              <![CDATA[Verify Successfully clicked on the highest price device.</br>]]>
            </line>
            <line>
              <![CDATA[ Successfully clicked on the highest price device.<font color=238E23>--<img src="passed.png"/></font></br>]]>
            </line>
            <line>
              <![CDATA[Step-9 : Click the 'Add to Cart' button.</br>]]>
            </line>
            <line>
              <![CDATA[Clicked on the Add to Cart button.</br>]]>
            </line>
            <line>
              <![CDATA[Verify Device successfully added to cart.</br>]]>
            </line>
            <line>
              <![CDATA[ Device successfully added to cart.<font color=238E23>--<img src="passed.png"/></font></br>]]>
            </line>
          </reporter-output>
        </test-method> <!-- searchMobileFilter -->
        <test-method status="PASS" signature="tearDown(org.testng.ITestResult, org.testng.ITestContext)[pri:0, instance:com.flipkart.Scenario1.IndexSc1@7a1ebcd8]" name="tearDown" is-config="true" duration-ms="2736" started-at="2020-05-05T10:24:54Z" finished-at="2020-05-05T10:24:57Z">
          <params>
            <param index="0">
              <value>
                <![CDATA[[TestResult name=searchMobileFilter status=SUCCESS method=IndexSc1.searchMobileFilter()[pri:0, instance:com.flipkart.Scenario1.IndexSc1@7a1ebcd8] output=Test Case : To verify User can Add Electronics device to Cart.</br>]]]>
              </value>
            </param>
            <param index="1">
              <value>
                <![CDATA[org.testng.TestRunner@7a1a3478]]>
              </value>
            </param>
          </params>
          <reporter-output>
          </reporter-output>
        </test-method> <!-- tearDown -->
      </class> <!-- com.flipkart.Scenario1.IndexSc1 -->
    </test> <!-- To verify Flipkart scenario add to cart. -->
    <test name="Failed Scenario." duration-ms="36800" started-at="2020-05-05T04:54:57Z" finished-at="2020-05-05T04:55:34Z">
      <class name="com.flipkart.Scenario1.IndexSc1">
        <test-method status="PASS" signature="fetchSuiteConfiguration(org.testng.ITestContext)[pri:0, instance:com.flipkart.Scenario1.IndexSc1@c46bcd4]" name="fetchSuiteConfiguration" is-config="true" duration-ms="1" started-at="2020-05-05T10:24:57Z" finished-at="2020-05-05T10:24:57Z">
          <params>
            <param index="0">
              <value>
                <![CDATA[org.testng.TestRunner@495b0487]]>
              </value>
            </param>
          </params>
          <reporter-output>
          </reporter-output>
        </test-method> <!-- fetchSuiteConfiguration -->
        <test-method status="PASS" signature="setUp(java.lang.reflect.Method, org.testng.ITestContext, org.testng.ITestResult)[pri:0, instance:com.flipkart.Scenario1.IndexSc1@c46bcd4]" name="setUp" is-config="true" duration-ms="23401" started-at="2020-05-05T10:24:57Z" finished-at="2020-05-05T10:25:20Z">
          <params>
            <param index="0">
              <value>
                <![CDATA[void com.flipkart.Scenario1.IndexSc1.failed()]]>
              </value>
            </param>
            <param index="1">
              <value>
                <![CDATA[org.testng.TestRunner@495b0487]]>
              </value>
            </param>
            <param index="2">
              <value>
                <![CDATA[[TestResult name=failed status=FAILURE method=IndexSc1.failed()[pri:0, instance:com.flipkart.Scenario1.IndexSc1@c46bcd4] output=Test Case : To verify User can Add Electronics device to Cart.</br>]]]>
              </value>
            </param>
          </params>
          <reporter-output>
          </reporter-output>
        </test-method> <!-- setUp -->
        <test-method status="FAIL" signature="failed()[pri:0, instance:com.flipkart.Scenario1.IndexSc1@c46bcd4]" name="failed" duration-ms="3009" started-at="2020-05-05T10:25:20Z" finished-at="2020-05-05T10:25:23Z">
          <exception class="java.lang.AssertionError">
            <message>
              <![CDATA[expected [true] but found [false]]]>
            </message>
            <full-stacktrace>
              <![CDATA[java.lang.AssertionError: expected [true] but found [false]at org.testng.Assert.fail(Assert.java:96)at org.testng.Assert.failNotEquals(Assert.java:776)at org.testng.Assert.assertTrue(Assert.java:44)at org.testng.Assert.assertTrue(Assert.java:54)at com.flipkart.Scenario1.IndexSc1.failed(IndexSc1.java:177)at sun.reflect.NativeMethodAccessorImpl.invoke0(Native Method)at sun.reflect.NativeMethodAccessorImpl.invoke(NativeMethodAccessorImpl.java:62)at sun.reflect.DelegatingMethodAccessorImpl.invoke(DelegatingMethodAccessorImpl.java:43)at java.lang.reflect.Method.invoke(Method.java:498)at org.testng.internal.MethodInvocationHelper.invokeMethod(MethodInvocationHelper.java:124)at org.testng.internal.Invoker.invokeMethod(Invoker.java:571)at org.testng.internal.Invoker.invokeTestMethod(Invoker.java:707)at org.testng.internal.Invoker.invokeTestMethods(Invoker.java:979)at org.testng.internal.TestMethodWorker.invokeTestMethods(TestMethodWorker.java:125)at org.testng.internal.TestMethodWorker.run(TestMethodWorker.java:109)at org.testng.TestRunner.privateRun(TestRunner.java:648)at org.testng.TestRunner.run(TestRunner.java:505)at org.testng.SuiteRunner.runTest(SuiteRunner.java:455)at org.testng.SuiteRunner.runSequentially(SuiteRunner.java:450)at org.testng.SuiteRunner.privateRun(SuiteRunner.java:415)at org.testng.SuiteRunner.run(SuiteRunner.java:364)at org.testng.SuiteRunnerWorker.runSuite(SuiteRunnerWorker.java:52)at org.testng.SuiteRunnerWorker.run(SuiteRunnerWorker.java:84)at org.testng.TestNG.runSuitesSequentially(TestNG.java:1187)at org.testng.TestNG.runSuitesLocally(TestNG.java:1116)at org.testng.TestNG.runSuites(TestNG.java:1028)at org.testng.TestNG.run(TestNG.java:996)at org.apache.maven.surefire.testng.TestNGExecutor.run(TestNGExecutor.java:283)at org.apache.maven.surefire.testng.TestNGXmlTestSuite.execute(TestNGXmlTestSuite.java:75)at org.apache.maven.surefire.testng.TestNGProvider.invoke(TestNGProvider.java:120)at org.apache.maven.surefire.booter.ForkedBooter.invokeProviderInSameClassLoader(ForkedBooter.java:379)at org.apache.maven.surefire.booter.ForkedBooter.runSuitesInProcess(ForkedBooter.java:340)at org.apache.maven.surefire.booter.ForkedBooter.execute(ForkedBooter.java:125)at org.apache.maven.surefire.booter.ForkedBooter.main(ForkedBooter.java:413)]]>
            </full-stacktrace>
          </exception> <!-- java.lang.AssertionError -->
          <reporter-output>
            <line>
              <![CDATA[Test Case : To verify User can Add Electronics device to Cart.</br>]]>
            </line>
            <line>
              <![CDATA[Step-1 : Open Flipkart URL : https://www.flipkart.com/</br>]]>
            </line>
            <line>
              <![CDATA[Verify Flipkart site has been opened successfully</br>]]>
            </line>
            <line>
              <![CDATA[ Flipkart Homepage NOT opened sucessfully<font color=#FF0000>--<img src="failed.png"/></font></br>]]>
            </line>
          </reporter-output>
        </test-method> <!-- failed -->
        <test-method status="PASS" signature="tearDown(org.testng.ITestResult, org.testng.ITestContext)[pri:0, instance:com.flipkart.Scenario1.IndexSc1@c46bcd4]" name="tearDown" is-config="true" duration-ms="10376" started-at="2020-05-05T10:25:23Z" finished-at="2020-05-05T10:25:34Z">
          <params>
            <param index="0">
              <value>
                <![CDATA[[TestResult name=failed status=FAILURE method=IndexSc1.failed()[pri:0, instance:com.flipkart.Scenario1.IndexSc1@c46bcd4] output=Test Case : To verify User can Add Electronics device to Cart.</br>]]]>
              </value>
            </param>
            <param index="1">
              <value>
                <![CDATA[org.testng.TestRunner@495b0487]]>
              </value>
            </param>
          </params>
          <reporter-output>
          </reporter-output>
        </test-method> <!-- tearDown -->
      </class> <!-- com.flipkart.Scenario1.IndexSc1 -->
    </test> <!-- Failed Scenario. -->
  </suite> <!-- FlipkartTestSuite -->
</testng-results>
